<?xml version="1.0" encoding="UTF-8"?>
<!-- Generated by org.testng.reporters.JUnitReportReporter -->
<testsuite skipped="0" hostname="DESKTOP-0F1P5O1" name="com.PageObject.LoginPage" tests="1" failures="0" timestamp="18 Jul 2020 15:18:08 GMT" time="0.013" errors="0">
  <testcase name="tc" time="0.013" classname="com.PageObject.LoginPage"/>
</testsuite> <!-- com.PageObject.LoginPage -->
