<?xml version="1.0" encoding="UTF-8"?>
<!-- Generated by org.testng.reporters.JUnitReportReporter -->
<testsuite skipped="0" hostname="DESKTOP-0F1P5O1" name="com.TestCase.TC_Login_01" tests="1" failures="0" timestamp="18 Jul 2020 16:31:24 GMT" time="5.755" errors="0">
  <testcase name="test_Login" time="5.755" classname="com.TestCase.TC_Login_01"/>
</testsuite> <!-- com.TestCase.TC_Login_01 -->
