<?xml version="1.0" encoding="UTF-8"?>
<!-- Generated by org.testng.reporters.JUnitReportReporter -->
<testsuite skipped="1" hostname="DESKTOP-0F1P5O1" name="com.Keyword.Calling" tests="3" failures="0" timestamp="31 Jul 2020 15:02:36 GMT" time="28.714" errors="0">
  <testcase name="setup" time="24.974" classname="com.Keyword.Calling"/>
  <testcase name="addCustomer" time="3.740" classname="com.Keyword.Calling"/>
  <testcase name="test" classname="com.Keyword.Calling">
    <skipped/>
  </testcase> <!-- test -->
</testsuite> <!-- com.Keyword.Calling -->
